<?xml version="1.0" encoding="UTF-8"?>
<!-- Generated by org.testng.reporters.JUnitReportReporter -->
<testsuite hostname="LAPTOP-BIGCRPEL" failures="0" tests="1" name="SecondTest" time="0.002" errors="0" timestamp="2022-11-28T17:34:37 IST" skipped="0">
  <testcase classname="SecondTest" name="second" time="0.002"/>
  <system-out/>
</testsuite> <!-- SecondTest -->
