<?xml version="1.0" encoding="UTF-8"?>
<!-- Generated by org.testng.reporters.JUnitReportReporter -->
<testsuite hostname="LAPTOP-BIGCRPEL" failures="0" tests="1" name="com.Hub.screenshotclass" time="2.947" errors="0" timestamp="2022-11-29T19:04:59 IST" skipped="0">
  <testcase classname="com.Hub.screenshotclass" name="screenshot" time="2.947"/>
  <system-out/>
</testsuite> <!-- com.Hub.screenshotclass -->
