<?xml version="1.0" encoding="UTF-8"?>
<!-- Generated by org.testng.reporters.JUnitReportReporter -->
<testsuite hostname="LAPTOP-BIGCRPEL" failures="0" tests="1" name="GIT.HUB.cuponinvalid" time="23.938" errors="0" timestamp="2022-11-28T15:22:11 IST" skipped="0">
  <testcase classname="GIT.HUB.cuponinvalid" name="invalidcoupons" time="23.938"/>
  <system-out/>
</testsuite> <!-- GIT.HUB.cuponinvalid -->
