<?xml version="1.0" encoding="UTF-8"?>
<!-- Generated by org.testng.reporters.JUnitReportReporter -->
<testsuite hostname="LAPTOP-BIGCRPEL" failures="0" tests="1" name="com.Hub.ordertocheckinjenkins" time="34.568" errors="0" timestamp="2022-12-26T12:50:29 IST" skipped="0">
  <testcase classname="com.Hub.ordertocheckinjenkins" name="OTFwithcod" time="34.568"/>
  <system-out/>
</testsuite> <!-- com.Hub.ordertocheckinjenkins -->
